{"/mnt/c/Users/user/codefellows/401/data-structures-and-algorithms/challenges/linkedList/node.js": {"path":"/mnt/c/Users/user/codefellows/401/data-structures-and-algorithms/challenges/linkedList/node.js","statementMap":{"0":{"start":{"line":4,"column":8},"end":{"line":4,"column":27}},"1":{"start":{"line":5,"column":8},"end":{"line":5,"column":27}},"2":{"start":{"line":8,"column":0},"end":{"line":8,"column":22}}},"fnMap":{"0":{"name":"(anonymous_0)","decl":{"start":{"line":3,"column":4},"end":{"line":3,"column":5}},"loc":{"start":{"line":3,"column":23},"end":{"line":6,"column":5}},"line":3}},"branchMap":{},"s":{"0":1,"1":1,"2":1},"f":{"0":1},"b":{},"_coverageSchema":"1a1c01bbd47fc00a2c39e90264f33305004495a9","hash":"e892f1f8836a087ff97b509fadab810f3589086d"}
}
