{"/mnt/c/Users/user/codefellows/401/data-structures-and-algorithms/challenges/linkedList/linked-list.js": {"path":"/mnt/c/Users/user/codefellows/401/data-structures-and-algorithms/challenges/linkedList/linked-list.js","statementMap":{"0":{"start":{"line":2,"column":13},"end":{"line":2,"column":33}},"1":{"start":{"line":6,"column":8},"end":{"line":6,"column":24}},"2":{"start":{"line":11,"column":19},"end":{"line":11,"column":32}},"3":{"start":{"line":12,"column":8},"end":{"line":15,"column":9}},"4":{"start":{"line":13,"column":12},"end":{"line":13,"column":29}},"5":{"start":{"line":14,"column":12},"end":{"line":14,"column":24}},"6":{"start":{"line":19,"column":19},"end":{"line":19,"column":32}},"7":{"start":{"line":21,"column":22},"end":{"line":21,"column":31}},"8":{"start":{"line":22,"column":8},"end":{"line":24,"column":9}},"9":{"start":{"line":23,"column":12},"end":{"line":23,"column":38}},"10":{"start":{"line":25,"column":8},"end":{"line":25,"column":31}},"11":{"start":{"line":26,"column":8},"end":{"line":26,"column":20}},"12":{"start":{"line":31,"column":19},"end":{"line":31,"column":35}},"13":{"start":{"line":32,"column":8},"end":{"line":42,"column":9}},"14":{"start":{"line":34,"column":26},"end":{"line":34,"column":35}},"15":{"start":{"line":35,"column":12},"end":{"line":37,"column":13}},"16":{"start":{"line":36,"column":16},"end":{"line":36,"column":42}},"17":{"start":{"line":38,"column":12},"end":{"line":38,"column":43}},"18":{"start":{"line":39,"column":12},"end":{"line":39,"column":35}},"19":{"start":{"line":40,"column":12},"end":{"line":40,"column":24}},"20":{"start":{"line":47,"column":19},"end":{"line":47,"column":35}},"21":{"start":{"line":48,"column":8},"end":{"line":59,"column":9}},"22":{"start":{"line":49,"column":29},"end":{"line":49,"column":31}},"23":{"start":{"line":50,"column":26},"end":{"line":50,"column":35}},"24":{"start":{"line":51,"column":12},"end":{"line":55,"column":13}},"25":{"start":{"line":53,"column":16},"end":{"line":53,"column":37}},"26":{"start":{"line":54,"column":16},"end":{"line":54,"column":42}},"27":{"start":{"line":56,"column":12},"end":{"line":56,"column":46}},"28":{"start":{"line":57,"column":12},"end":{"line":57,"column":38}},"29":{"start":{"line":58,"column":12},"end":{"line":58,"column":24}},"30":{"start":{"line":64,"column":22},"end":{"line":64,"column":31}},"31":{"start":{"line":65,"column":8},"end":{"line":71,"column":9}},"32":{"start":{"line":67,"column":12},"end":{"line":69,"column":13}},"33":{"start":{"line":68,"column":16},"end":{"line":68,"column":28}},"34":{"start":{"line":70,"column":12},"end":{"line":70,"column":38}},"35":{"start":{"line":72,"column":8},"end":{"line":72,"column":21}},"36":{"start":{"line":78,"column":22},"end":{"line":78,"column":31}},"37":{"start":{"line":79,"column":24},"end":{"line":79,"column":44}},"38":{"start":{"line":80,"column":8},"end":{"line":85,"column":9}},"39":{"start":{"line":82,"column":12},"end":{"line":82,"column":38}},"40":{"start":{"line":83,"column":12},"end":{"line":83,"column":49}},"41":{"start":{"line":86,"column":8},"end":{"line":86,"column":46}},"42":{"start":{"line":87,"column":8},"end":{"line":87,"column":25}},"43":{"start":{"line":90,"column":0},"end":{"line":90,"column":27}}},"fnMap":{"0":{"name":"(anonymous_0)","decl":{"start":{"line":5,"column":4},"end":{"line":5,"column":5}},"loc":{"start":{"line":5,"column":18},"end":{"line":7,"column":5}},"line":5},"1":{"name":"(anonymous_1)","decl":{"start":{"line":10,"column":4},"end":{"line":10,"column":5}},"loc":{"start":{"line":10,"column":16},"end":{"line":16,"column":5}},"line":10},"2":{"name":"(anonymous_2)","decl":{"start":{"line":18,"column":4},"end":{"line":18,"column":5}},"loc":{"start":{"line":18,"column":16},"end":{"line":28,"column":5}},"line":18},"3":{"name":"(anonymous_3)","decl":{"start":{"line":30,"column":4},"end":{"line":30,"column":5}},"loc":{"start":{"line":30,"column":31},"end":{"line":44,"column":5}},"line":30},"4":{"name":"(anonymous_4)","decl":{"start":{"line":46,"column":4},"end":{"line":46,"column":5}},"loc":{"start":{"line":46,"column":31},"end":{"line":60,"column":5}},"line":46},"5":{"name":"(anonymous_5)","decl":{"start":{"line":63,"column":4},"end":{"line":63,"column":5}},"loc":{"start":{"line":63,"column":18},"end":{"line":73,"column":5}},"line":63},"6":{"name":"(anonymous_6)","decl":{"start":{"line":77,"column":4},"end":{"line":77,"column":5}},"loc":{"start":{"line":77,"column":15},"end":{"line":88,"column":5}},"line":77}},"branchMap":{"0":{"loc":{"start":{"line":12,"column":8},"end":{"line":15,"column":9}},"type":"if","locations":[{"start":{"line":12,"column":8},"end":{"line":15,"column":9}},{"start":{"line":12,"column":8},"end":{"line":15,"column":9}}],"line":12},"1":{"loc":{"start":{"line":32,"column":8},"end":{"line":42,"column":9}},"type":"if","locations":[{"start":{"line":32,"column":8},"end":{"line":42,"column":9}},{"start":{"line":32,"column":8},"end":{"line":42,"column":9}}],"line":32},"2":{"loc":{"start":{"line":48,"column":8},"end":{"line":59,"column":9}},"type":"if","locations":[{"start":{"line":48,"column":8},"end":{"line":59,"column":9}},{"start":{"line":48,"column":8},"end":{"line":59,"column":9}}],"line":48},"3":{"loc":{"start":{"line":65,"column":15},"end":{"line":65,"column":55}},"type":"binary-expr","locations":[{"start":{"line":65,"column":15},"end":{"line":65,"column":30}},{"start":{"line":65,"column":34},"end":{"line":65,"column":55}}],"line":65},"4":{"loc":{"start":{"line":67,"column":12},"end":{"line":69,"column":13}},"type":"if","locations":[{"start":{"line":67,"column":12},"end":{"line":69,"column":13}},{"start":{"line":67,"column":12},"end":{"line":69,"column":13}}],"line":67}},"s":{"0":1,"1":1,"2":1,"3":1,"4":1,"5":1,"6":1,"7":1,"8":1,"9":0,"10":1,"11":1,"12":1,"13":1,"14":1,"15":1,"16":1,"17":1,"18":1,"19":1,"20":1,"21":1,"22":1,"23":1,"24":1,"25":1,"26":1,"27":1,"28":1,"29":1,"30":4,"31":4,"32":10,"33":3,"34":7,"35":1,"36":0,"37":0,"38":0,"39":0,"40":0,"41":0,"42":0,"43":1},"f":{"0":1,"1":1,"2":1,"3":1,"4":1,"5":4,"6":0},"b":{"0":[1,0],"1":[1,0],"2":[1,0],"3":[11,2],"4":[3,7]},"_coverageSchema":"1a1c01bbd47fc00a2c39e90264f33305004495a9","hash":"12672c012bccdc080e38d659535eed4417bcc2ab"}
,"/mnt/c/Users/user/codefellows/401/data-structures-and-algorithms/challenges/linkedList/node.js": {"path":"/mnt/c/Users/user/codefellows/401/data-structures-and-algorithms/challenges/linkedList/node.js","statementMap":{"0":{"start":{"line":4,"column":8},"end":{"line":4,"column":27}},"1":{"start":{"line":5,"column":8},"end":{"line":5,"column":27}},"2":{"start":{"line":8,"column":0},"end":{"line":8,"column":22}}},"fnMap":{"0":{"name":"(anonymous_0)","decl":{"start":{"line":3,"column":4},"end":{"line":3,"column":5}},"loc":{"start":{"line":3,"column":23},"end":{"line":6,"column":5}},"line":3}},"branchMap":{},"s":{"0":5,"1":5,"2":2},"f":{"0":5},"b":{},"_coverageSchema":"1a1c01bbd47fc00a2c39e90264f33305004495a9","hash":"e892f1f8836a087ff97b509fadab810f3589086d"}
}
