TN:
SF:linked-list.js
FN:5,(anonymous_0)
FN:10,(anonymous_1)
FN:18,(anonymous_2)
FN:30,(anonymous_3)
FN:46,(anonymous_4)
FN:63,(anonymous_5)
FN:77,(anonymous_6)
FNF:7
FNH:6
FNDA:1,(anonymous_0)
FNDA:1,(anonymous_1)
FNDA:1,(anonymous_2)
FNDA:1,(anonymous_3)
FNDA:1,(anonymous_4)
FNDA:4,(anonymous_5)
FNDA:0,(anonymous_6)
DA:2,1
DA:6,1
DA:11,1
DA:12,1
DA:13,1
DA:14,1
DA:19,1
DA:21,1
DA:22,1
DA:23,0
DA:25,1
DA:26,1
DA:31,1
DA:32,1
DA:34,1
DA:35,1
DA:36,1
DA:38,1
DA:39,1
DA:40,1
DA:47,1
DA:48,1
DA:49,1
DA:50,1
DA:51,1
DA:53,1
DA:54,1
DA:56,1
DA:57,1
DA:58,1
DA:64,4
DA:65,4
DA:67,10
DA:68,3
DA:70,7
DA:72,1
DA:78,0
DA:79,0
DA:80,0
DA:82,0
DA:83,0
DA:86,0
DA:87,0
DA:90,1
LF:44
LH:36
BRDA:12,0,0,1
BRDA:12,0,1,0
BRDA:32,1,0,1
BRDA:32,1,1,0
BRDA:48,2,0,1
BRDA:48,2,1,0
BRDA:65,3,0,11
BRDA:65,3,1,2
BRDA:67,4,0,3
BRDA:67,4,1,7
BRF:10
BRH:7
end_of_record
TN:
SF:node.js
FN:3,(anonymous_0)
FNF:1
FNH:1
FNDA:5,(anonymous_0)
DA:4,5
DA:5,5
DA:8,2
LF:3
LH:3
BRF:0
BRH:0
end_of_record
